  Compiling CUDA source file kernel.cu...
  
  C:\Users\David Lorenc\Desktop\IBT\src\firstApproach\firstApproach>"C:\Program Files\NVIDIA GPU Computing Toolkit\CUDA\v11.7\bin\nvcc.exe" -gencode=arch=compute_52,code=\"sm_52,compute_52\" --use-local-env -ccbin "C:\Program Files (x86)\Microsoft Visual Studio\2019\Community\VC\Tools\MSVC\14.24.28314\bin\HostX86\x64" -x cu   -I"C:\Program Files\NVIDIA GPU Computing Toolkit\CUDA\v11.7\include" -I"C:\Program Files\NVIDIA GPU Computing Toolkit\CUDA\v11.7\include"  -G   --keep-dir x64\Debug  -maxrregcount=0  --machine 64 --compile -cudart static  -g  -DWIN32 -DWIN64 -D_DEBUG -D_CONSOLE -D_MBCS -Xcompiler "/EHsc /W3 /nologo /Od /Fdx64\Debug\vc142.pdb /FS /Zi /RTC1 /MDd " -o "C:\Users\David Lorenc\Desktop\IBT\src\firstApproach\firstApproach\x64\Debug\kernel.cu.obj" "C:\Users\David Lorenc\Desktop\IBT\src\firstApproach\firstApproach\kernel.cu" 
C:\Users\David Lorenc\Desktop\IBT\src\firstApproach\firstApproach\kernel.cu(95): warning #546-D: transfer of control bypasses initialization of:
              variable "startIndex"
  (115): here
              variable "milliseconds"
  (136): here
  
C:\Users\David Lorenc\Desktop\IBT\src\firstApproach\firstApproach\kernel.cu(107): warning #546-D: transfer of control bypasses initialization of:
              variable "startIndex"
  (115): here
              variable "milliseconds"
  (136): here
  
C:\Users\David Lorenc\Desktop\IBT\src\firstApproach\firstApproach\kernel.cu(125): warning #546-D: transfer of control bypasses initialization of:
              variable "milliseconds"
  (136): here
  
C:\Users\David Lorenc\Desktop\IBT\src\firstApproach\firstApproach\kernel.cu(95): warning #546-D: transfer of control bypasses initialization of:
              variable "startIndex"
  (115): here
              variable "milliseconds"
  (136): here
  
C:\Users\David Lorenc\Desktop\IBT\src\firstApproach\firstApproach\kernel.cu(107): warning #546-D: transfer of control bypasses initialization of:
              variable "startIndex"
  (115): here
              variable "milliseconds"
  (136): here
  
C:\Users\David Lorenc\Desktop\IBT\src\firstApproach\firstApproach\kernel.cu(125): warning #546-D: transfer of control bypasses initialization of:
              variable "milliseconds"
  (136): here
  
  kernel.cu
C:\Users\David Lorenc\Desktop\IBT\src\firstApproach\firstApproach\kernel.cu(119): warning C4244: 'argument': conversion from 'double' to 'unsigned int', possible loss of data
C:\Users\David Lorenc\Desktop\IBT\src\firstApproach\firstApproach\kernel.cu(131): warning C4244: '+=': conversion from 'double' to 'int', possible loss of data
  firstApproach.vcxproj -> C:\Users\David Lorenc\Desktop\IBT\src\firstApproach\x64\Debug\firstApproach.exe
